Linux vyatta 3.13.11-1-amd64-vyos #1 SMP Wed Aug 12 02:08:05 UTC 2015 x86_64
Welcome to VyOS.
This system is open-source software. The exact distribution terms for 
each module comprising the full system are described in the individual 
files in /usr/share/doc/*/copyright.
Last login: Tue Jan 23 13:53:21 2018 from 114.219.105.94
vyos@NewJersey:~$ 
vyos@NewJersey:~$ 
vyos@NewJersey:~$ show con
configuration   conntrack       conntrack-sync  
vyos@NewJersey:~$ show configuration commands 
set firewall name LAN_WAN default-action 'accept'
set firewall name OUTSIDE-IN default-action 'drop'
set firewall name OUTSIDE-IN rule 10 action 'accept'
set firewall name OUTSIDE-IN rule 10 state established 'enable'
set firewall name OUTSIDE-IN rule 10 state related 'enable'
set firewall name OUTSIDE-LOCAL default-action 'drop'
set firewall name OUTSIDE-LOCAL rule 10 action 'accept'
set firewall name OUTSIDE-LOCAL rule 10 state established 'enable'
set firewall name OUTSIDE-LOCAL rule 10 state related 'enable'
set firewall name OUTSIDE-LOCAL rule 20 action 'accept'
set firewall name OUTSIDE-LOCAL rule 20 icmp type-name 'echo-request'
set firewall name OUTSIDE-LOCAL rule 20 protocol 'icmp'
set firewall name OUTSIDE-LOCAL rule 20 state new 'enable'
set firewall name OUTSIDE-LOCAL rule 30 action 'drop'
set firewall name OUTSIDE-LOCAL rule 30 destination port '5903'
set firewall name OUTSIDE-LOCAL rule 30 protocol 'tcp'
set firewall name OUTSIDE-LOCAL rule 30 recent count '4'
set firewall name OUTSIDE-LOCAL rule 30 recent time '60'
set firewall name OUTSIDE-LOCAL rule 30 state new 'enable'
set firewall name OUTSIDE-LOCAL rule 31 action 'accept'
set firewall name OUTSIDE-LOCAL rule 31 destination port '5903'
set firewall name OUTSIDE-LOCAL rule 31 protocol 'tcp'
set firewall name OUTSIDE-LOCAL rule 31 state new 'enable'
set firewall name OUTSIDE-LOCAL rule 40 action 'accept'
set firewall name OUTSIDE-LOCAL rule 40 protocol 'esp'
set firewall name OUTSIDE-LOCAL rule 41 action 'accept'
set firewall name OUTSIDE-LOCAL rule 41 destination port '500'
set firewall name OUTSIDE-LOCAL rule 41 protocol 'udp'
set firewall name OUTSIDE-LOCAL rule 42 action 'accept'
set firewall name OUTSIDE-LOCAL rule 42 destination port '4500'
set firewall name OUTSIDE-LOCAL rule 42 protocol 'udp'
set firewall name OUTSIDE-LOCAL rule 43 action 'accept'
set firewall name OUTSIDE-LOCAL rule 43 destination port '1701'
set firewall name OUTSIDE-LOCAL rule 43 protocol 'udp'
set firewall name OUTSIDE-LOCAL rule 44 action 'accept'
set firewall name OUTSIDE-LOCAL rule 44 destination port '1194'
set firewall name OUTSIDE-LOCAL rule 44 protocol 'udp'
set firewall name OUTSIDE-LOCAL rule 44 state new 'enable'
set interfaces ethernet eth0 address 'dhcp'
set interfaces ethernet eth0 firewall in name 'OUTSIDE-IN'
set interfaces ethernet eth0 firewall local name 'OUTSIDE-LOCAL'
set interfaces ethernet eth0 firewall out name 'LAN_WAN'
set interfaces loopback 'lo'
set interfaces openvpn vtun0 mode 'server'
set interfaces openvpn vtun0 server client 'chan'
set interfaces openvpn vtun0 server name-server '8.8.8.8'
set interfaces openvpn vtun0 server push-route '0.0.0.0/0'
set interfaces openvpn vtun0 server push-route '192.168.0.0/16'
set interfaces openvpn vtun0 server subnet '192.168.10.0/24'
set interfaces openvpn vtun0 tls ca-cert-file '/config/auth/ovpn/ca.crt'
set interfaces openvpn vtun0 tls cert-file '/config/auth/ovpn/server.crt'
set interfaces openvpn vtun0 tls dh-file '/config/auth/ovpn/dh1024.pem'
set interfaces openvpn vtun0 tls key-file '/config/auth/ovpn/server.key'
set nat source rule 110 outbound-interface 'eth0'
set nat source rule 110 source address '192.168.255.0/24'
set nat source rule 110 translation address 'masquerade'
set nat source rule 120 outbound-interface 'eth0'
set nat source rule 120 source address '192.168.0.0/16'
set nat source rule 120 translation address 'masquerade'
set service ssh port '5903'
set system config-management commit-revisions '20'
set system console device ttyS0 speed '9600'
set system host-name 'NewJersey'
set system login user chan authentication encrypted-password '$6$pNvqWEm7DpXSw$Gs65hMVLiqwx6CvUTRxbt0kb.1U.C9RRI73zYoaepi3uNwAloS3qVP2W/cl.tAwJKMe8I42NQBArQ9rVTT/ga/'
set system login user chan authentication plaintext-password ''
set system login user vyos authentication encrypted-password '$1$2leW61q3$F8ZnWYc8dIneWBMCqIkoN1'
set system login user vyos authentication plaintext-password ''
set system login user vyos level 'admin'
set system ntp server '0.pool.ntp.org'
set system ntp server '1.pool.ntp.org'
set system ntp server '2.pool.ntp.org'
set system package repository community components 'main'
set system package repository community distribution 'helium'
set system package repository community url 'http://packages.vyos.net/vyos'
set system syslog global facility all level 'notice'
set system syslog global facility protocols level 'debug'
set system time-zone 'Asia/Shanghai'
set vpn ipsec ipsec-interfaces interface 'eth0'
set vpn ipsec nat-networks allowed-network '0.0.0.0/0'
set vpn ipsec nat-traversal 'enable'
set vpn l2tp remote-access authentication local-users username chan password 'Mandeler123'
set vpn l2tp remote-access authentication mode 'local'
set vpn l2tp remote-access client-ip-pool start '192.168.255.1'
set vpn l2tp remote-access client-ip-pool stop '192.168.255.255'
set vpn l2tp remote-access dns-servers server-1 '8.8.8.8'
set vpn l2tp remote-access dns-servers server-2 '8.8.4.4'
set vpn l2tp remote-access ipsec-settings authentication mode 'pre-shared-secret'
set vpn l2tp remote-access ipsec-settings authentication pre-shared-secret 'Mandeler123'
set vpn l2tp remote-access outside-address '104.207.133.178'
vyos@NewJersey:~$    exit
logout
